<?xml version="1.0" encoding="UTF-8"?>
<robot generator="Robot 6.1.1 (Python 3.12.0 on darwin)" generated="20231117 02:57:20.891" rpa="false" schemaversion="4">
<suite id="s1" name="brickLoginTest" source="/Users/andre.hasibuan/Documents/new tokped repo/BrickTestRobotFramework/brick-qa-assessment-andre/tests/brickLoginTest.robot">
<test id="s1-t1" name="User can login at login page" line="20">
<kw name="Open Browser" library="SeleniumLibrary">
<arg>${login_page}</arg>
<arg>browser=chrome</arg>
<doc>Opens a new browser instance to the optional ``url``.</doc>
<msg timestamp="20231117 02:57:21.000" level="INFO">Opening browser 'chrome' to base url 'https://qademo.onebrick.io/login'.</msg>
<status status="PASS" starttime="20231117 02:57:21.000" endtime="20231117 02:57:23.194"/>
</kw>
<kw name="Input Text" library="SeleniumLibrary">
<arg>${username_input}</arg>
<arg>${username_text}</arg>
<doc>Types the given ``text`` into the text field identified by ``locator``.</doc>
<msg timestamp="20231117 02:57:23.195" level="INFO">Typing text 'hasibuandre@gmail.com' into text field '//*[@id="your_email"]'.</msg>
<status status="PASS" starttime="20231117 02:57:23.194" endtime="20231117 02:57:23.327"/>
</kw>
<kw name="Input Text" library="SeleniumLibrary">
<arg>${password_input}</arg>
<arg>${password_text}</arg>
<doc>Types the given ``text`` into the text field identified by ``locator``.</doc>
<msg timestamp="20231117 02:57:23.327" level="INFO">Typing text 'password' into text field '//*[@id="password"]'.</msg>
<status status="PASS" starttime="20231117 02:57:23.327" endtime="20231117 02:57:23.385"/>
</kw>
<kw name="Click Element" library="SeleniumLibrary">
<arg>${login_button}</arg>
<doc>Click the element identified by ``locator``.</doc>
<msg timestamp="20231117 02:57:23.386" level="INFO">Clicking element '//*[@name="login"]'.</msg>
<status status="PASS" starttime="20231117 02:57:23.385" endtime="20231117 02:57:23.502"/>
</kw>
<kw name="Wait Until Page Contains Element" library="SeleniumLibrary">
<arg>${dashboard_content}</arg>
<doc>Waits until the element ``locator`` appears on the current page.</doc>
<status status="PASS" starttime="20231117 02:57:23.503" endtime="20231117 02:57:23.509"/>
</kw>
<kw name="Element Should Be Visible" library="SeleniumLibrary">
<arg>${dashboard_content}</arg>
<doc>Verifies that the element identified by ``locator`` is visible.</doc>
<msg timestamp="20231117 02:57:23.524" level="INFO">Element '//*[@id="swal2-title"]' is displayed.</msg>
<status status="PASS" starttime="20231117 02:57:23.509" endtime="20231117 02:57:23.524"/>
</kw>
<kw name="Capture Page Screenshot" library="SeleniumLibrary">
<arg>results.png</arg>
<doc>Takes a screenshot of the current page and embeds it into a log file.</doc>
<msg timestamp="20231117 02:57:23.698" level="INFO" html="true">&lt;/td&gt;&lt;/tr&gt;&lt;tr&gt;&lt;td colspan="3"&gt;&lt;a href="results.png"&gt;&lt;img src="results.png" width="800px"&gt;&lt;/a&gt;</msg>
<status status="PASS" starttime="20231117 02:57:23.524" endtime="20231117 02:57:23.698"/>
</kw>
<status status="PASS" starttime="20231117 02:57:21.000" endtime="20231117 02:57:23.698"/>
</test>
<status status="PASS" starttime="20231117 02:57:20.893" endtime="20231117 02:57:23.698"/>
</suite>
<statistics>
<total>
<stat pass="1" fail="0" skip="0">All Tests</stat>
</total>
<tag>
</tag>
<suite>
<stat pass="1" fail="0" skip="0" id="s1" name="brickLoginTest">brickLoginTest</stat>
</suite>
</statistics>
<errors>
</errors>
</robot>
